1557824048295	mozrunner::runner	INFO	Running command: "/Applications/Firefox.app/Contents/MacOS/firefox-bin" "-marionette" "-foreground" "-no-remote" "-profile" "/var/folders/yl/0jbssmhd06s7mq8sl8r2x44r0000gq/T/rust_mozprofile.WgLBaTHgDe0p"
1557824050330	addons.webextension.screenshots@mozilla.org	WARN	Loading extension 'screenshots@mozilla.org': Reading manifest: Invalid host permission: resource://pdf.js/
1557824050330	addons.webextension.screenshots@mozilla.org	WARN	Loading extension 'screenshots@mozilla.org': Reading manifest: Invalid host permission: about:reader*
Can't find symbol 'GetGraphicsResetStatus'.
Can't find symbol 'GetGraphicsResetStatus'.
1557824054214	Marionette	INFO	Listening on port 63867
1557824054307	Marionette	WARN	TLS certificate errors will be ignored for this session
1557824102444	mozrunner::runner	INFO	Running command: "/Applications/Firefox.app/Contents/MacOS/firefox-bin" "-marionette" "-foreground" "-no-remote" "-profile" "/var/folders/yl/0jbssmhd06s7mq8sl8r2x44r0000gq/T/rust_mozprofile.qxNb61SfK7r1"
1557824103107	addons.webextension.screenshots@mozilla.org	WARN	Loading extension 'screenshots@mozilla.org': Reading manifest: Invalid host permission: resource://pdf.js/
1557824103107	addons.webextension.screenshots@mozilla.org	WARN	Loading extension 'screenshots@mozilla.org': Reading manifest: Invalid host permission: about:reader*
Can't find symbol 'GetGraphicsResetStatus'.
Can't find symbol 'GetGraphicsResetStatus'.
1557824105419	Marionette	INFO	Listening on port 63958
1557824105613	Marionette	WARN	TLS certificate errors will be ignored for this session
Can't find symbol 'GetGraphicsResetStatus'.
Can't find symbol 'GetGraphicsResetStatus'.
1557824129759	Marionette	INFO	Stopped listening on port 63867
1557824132728	Marionette	INFO	Stopped listening on port 63958
1557824307888	mozrunner::runner	INFO	Running command: "/Applications/Firefox.app/Contents/MacOS/firefox-bin" "-marionette" "-foreground" "-no-remote" "-profile" "/var/folders/yl/0jbssmhd06s7mq8sl8r2x44r0000gq/T/rust_mozprofile.C1wvVT32VVm4"
1557824308568	addons.webextension.screenshots@mozilla.org	WARN	Loading extension 'screenshots@mozilla.org': Reading manifest: Invalid host permission: resource://pdf.js/
1557824308568	addons.webextension.screenshots@mozilla.org	WARN	Loading extension 'screenshots@mozilla.org': Reading manifest: Invalid host permission: about:reader*
Can't find symbol 'GetGraphicsResetStatus'.
Can't find symbol 'GetGraphicsResetStatus'.
1557824310996	Marionette	INFO	Listening on port 64056
1557824311103	Marionette	WARN	TLS certificate errors will be ignored for this session
1557824332891	mozrunner::runner	INFO	Running command: "/Applications/Firefox.app/Contents/MacOS/firefox-bin" "-marionette" "-foreground" "-no-remote" "-profile" "/var/folders/yl/0jbssmhd06s7mq8sl8r2x44r0000gq/T/rust_mozprofile.THOxG7pl91ib"
1557824333509	addons.webextension.screenshots@mozilla.org	WARN	Loading extension 'screenshots@mozilla.org': Reading manifest: Invalid host permission: resource://pdf.js/
1557824333520	addons.webextension.screenshots@mozilla.org	WARN	Loading extension 'screenshots@mozilla.org': Reading manifest: Invalid host permission: about:reader*
Can't find symbol 'GetGraphicsResetStatus'.
Can't find symbol 'GetGraphicsResetStatus'.
1557824335853	Marionette	INFO	Listening on port 64108
1557824335863	Marionette	WARN	TLS certificate errors will be ignored for this session
1557824336187	Marionette	INFO	Stopped listening on port 64108
console.error: BroadcastService: 
  receivedBroadcastMessage: handler for
  remote-settings/monitor_changes
  threw error:
  Message: Error: Polling for changes failed: NetworkError when attempting to fetch resource..
  Stack:
    remoteSettingsFunction/remoteSettings.pollChanges@resource://services-settings/remote-settings.js:750:13

1557827151989	mozrunner::runner	INFO	Running command: "/Applications/Firefox.app/Contents/MacOS/firefox-bin" "-marionette" "-foreground" "-no-remote" "-profile" "/var/folders/yl/0jbssmhd06s7mq8sl8r2x44r0000gq/T/rust_mozprofile.8RwVapvXQACu"
1557827152993	addons.webextension.screenshots@mozilla.org	WARN	Loading extension 'screenshots@mozilla.org': Reading manifest: Invalid host permission: resource://pdf.js/
1557827152993	addons.webextension.screenshots@mozilla.org	WARN	Loading extension 'screenshots@mozilla.org': Reading manifest: Invalid host permission: about:reader*
Can't find symbol 'GetGraphicsResetStatus'.
Can't find symbol 'GetGraphicsResetStatus'.
1557827155488	Marionette	INFO	Listening on port 64216
1557827155620	Marionette	WARN	TLS certificate errors will be ignored for this session
1557827157887	Marionette	INFO	Stopped listening on port 64216
1557827200835	mozrunner::runner	INFO	Running command: "/Applications/Firefox.app/Contents/MacOS/firefox-bin" "-marionette" "-foreground" "-no-remote" "-profile" "/var/folders/yl/0jbssmhd06s7mq8sl8r2x44r0000gq/T/rust_mozprofile.TEwzW9JDcngw"
1557827201446	addons.webextension.screenshots@mozilla.org	WARN	Loading extension 'screenshots@mozilla.org': Reading manifest: Invalid host permission: resource://pdf.js/
1557827201446	addons.webextension.screenshots@mozilla.org	WARN	Loading extension 'screenshots@mozilla.org': Reading manifest: Invalid host permission: about:reader*
Can't find symbol 'GetGraphicsResetStatus'.
Can't find symbol 'GetGraphicsResetStatus'.
1557827203725	Marionette	INFO	Listening on port 64273
1557827203811	Marionette	WARN	TLS certificate errors will be ignored for this session
1557827263226	mozrunner::runner	INFO	Running command: "/Applications/Firefox.app/Contents/MacOS/firefox-bin" "-marionette" "-foreground" "-no-remote" "-profile" "/var/folders/yl/0jbssmhd06s7mq8sl8r2x44r0000gq/T/rust_mozprofile.Ny1gN2ZngOMF"
1557827263926	addons.webextension.screenshots@mozilla.org	WARN	Loading extension 'screenshots@mozilla.org': Reading manifest: Invalid host permission: resource://pdf.js/
1557827263926	addons.webextension.screenshots@mozilla.org	WARN	Loading extension 'screenshots@mozilla.org': Reading manifest: Invalid host permission: about:reader*
Can't find symbol 'GetGraphicsResetStatus'.
Can't find symbol 'GetGraphicsResetStatus'.
1557827266440	Marionette	INFO	Listening on port 64325
1557827266503	Marionette	WARN	TLS certificate errors will be ignored for this session
1557827324388	mozrunner::runner	INFO	Running command: "/Applications/Firefox.app/Contents/MacOS/firefox-bin" "-marionette" "-foreground" "-no-remote" "-profile" "/var/folders/yl/0jbssmhd06s7mq8sl8r2x44r0000gq/T/rust_mozprofile.QyKY9KTxeLjy"
1557827325619	addons.webextension.screenshots@mozilla.org	WARN	Loading extension 'screenshots@mozilla.org': Reading manifest: Invalid host permission: resource://pdf.js/
1557827325619	addons.webextension.screenshots@mozilla.org	WARN	Loading extension 'screenshots@mozilla.org': Reading manifest: Invalid host permission: about:reader*
Can't find symbol 'GetGraphicsResetStatus'.
Can't find symbol 'GetGraphicsResetStatus'.
1557827328149	Marionette	INFO	Listening on port 64382
1557827328222	Marionette	WARN	TLS certificate errors will be ignored for this session
1557827418913	mozrunner::runner	INFO	Running command: "/Applications/Firefox.app/Contents/MacOS/firefox-bin" "-marionette" "-foreground" "-no-remote" "-profile" "/var/folders/yl/0jbssmhd06s7mq8sl8r2x44r0000gq/T/rust_mozprofile.ETOVZqnErLqr"
1557827419690	addons.webextension.screenshots@mozilla.org	WARN	Loading extension 'screenshots@mozilla.org': Reading manifest: Invalid host permission: resource://pdf.js/
1557827419691	addons.webextension.screenshots@mozilla.org	WARN	Loading extension 'screenshots@mozilla.org': Reading manifest: Invalid host permission: about:reader*
Can't find symbol 'GetGraphicsResetStatus'.
Can't find symbol 'GetGraphicsResetStatus'.
1557827422414	Marionette	INFO	Listening on port 64440
1557827422523	Marionette	WARN	TLS certificate errors will be ignored for this session
1557827422657	Marionette	INFO	Stopped listening on port 64440
1557827503625	mozrunner::runner	INFO	Running command: "/Applications/Firefox.app/Contents/MacOS/firefox-bin" "-marionette" "-foreground" "-no-remote" "-profile" "/var/folders/yl/0jbssmhd06s7mq8sl8r2x44r0000gq/T/rust_mozprofile.JGdc6JNToA7o"
1557827504282	addons.webextension.screenshots@mozilla.org	WARN	Loading extension 'screenshots@mozilla.org': Reading manifest: Invalid host permission: resource://pdf.js/
1557827504282	addons.webextension.screenshots@mozilla.org	WARN	Loading extension 'screenshots@mozilla.org': Reading manifest: Invalid host permission: about:reader*
Can't find symbol 'GetGraphicsResetStatus'.
Can't find symbol 'GetGraphicsResetStatus'.
1557827506648	Marionette	INFO	Listening on port 64497
1557827506725	Marionette	WARN	TLS certificate errors will be ignored for this session
1557827506967	Marionette	INFO	Stopped listening on port 64497
1557827597277	mozrunner::runner	INFO	Running command: "/Applications/Firefox.app/Contents/MacOS/firefox-bin" "-marionette" "-foreground" "-no-remote" "-profile" "/var/folders/yl/0jbssmhd06s7mq8sl8r2x44r0000gq/T/rust_mozprofile.swPRkz7K3Aek"
1557827597924	addons.webextension.screenshots@mozilla.org	WARN	Loading extension 'screenshots@mozilla.org': Reading manifest: Invalid host permission: resource://pdf.js/
1557827597925	addons.webextension.screenshots@mozilla.org	WARN	Loading extension 'screenshots@mozilla.org': Reading manifest: Invalid host permission: about:reader*
Can't find symbol 'GetGraphicsResetStatus'.
Can't find symbol 'GetGraphicsResetStatus'.
1557827600229	Marionette	INFO	Listening on port 64550
1557827600271	Marionette	WARN	TLS certificate errors will be ignored for this session
1557827600370	Marionette	INFO	Stopped listening on port 64550
JavaScript error: resource://gre/modules/Sqlite.jsm, line 841: Error: Connection is not open.
console.error: BroadcastService: 
  receivedBroadcastMessage: handler for
  remote-settings/monitor_changes
  threw error:
console.error: BroadcastService: 
  Message: Error: Polling for changes failed: NetworkError when attempting to fetch resource..
  Stack:
    remoteSettingsFunction/remoteSettings.pollChanges@resource://services-settings/remote-settings.js:750:13

  receivedBroadcastMessage: handler for
  remote-settings/monitor_changes
  threw error:
  Message: Error: Polling for changes failed: NetworkError when attempting to fetch resource..
  Stack:
    remoteSettingsFunction/remoteSettings.pollChanges@resource://services-settings/remote-settings.js:750:13

1557827674994	mozrunner::runner	INFO	Running command: "/Applications/Firefox.app/Contents/MacOS/firefox-bin" "-marionette" "-foreground" "-no-remote" "-profile" "/var/folders/yl/0jbssmhd06s7mq8sl8r2x44r0000gq/T/rust_mozprofile.wP19kvXkNt8Y"
1557827675615	addons.webextension.screenshots@mozilla.org	WARN	Loading extension 'screenshots@mozilla.org': Reading manifest: Invalid host permission: resource://pdf.js/
1557827675616	addons.webextension.screenshots@mozilla.org	WARN	Loading extension 'screenshots@mozilla.org': Reading manifest: Invalid host permission: about:reader*
Can't find symbol 'GetGraphicsResetStatus'.
Can't find symbol 'GetGraphicsResetStatus'.
1557827677961	Marionette	INFO	Listening on port 64603
1557827677992	Marionette	WARN	TLS certificate errors will be ignored for this session
1557827679324	Marionette	INFO	Stopped listening on port 64603

###!!! [Child][RunMessage] Error: Channel closing: too late to send/recv, messages will be lost

console.error: BroadcastService: 
  receivedBroadcastMessage: handler for
  remote-settings/monitor_changes
  threw error:
  Message: Error: Polling for changes failed: NetworkError when attempting to fetch resource..
  Stack:
    remoteSettingsFunction/remoteSettings.pollChanges@resource://services-settings/remote-settings.js:750:13

1557827985388	Marionette	INFO	Stopped listening on port 64382
1557827988772	Marionette	INFO	Stopped listening on port 64273
1557827990739	Marionette	INFO	Stopped listening on port 64056
1557827993153	Marionette	INFO	Stopped listening on port 64325
1557828092066	mozrunner::runner	INFO	Running command: "/Applications/Firefox.app/Contents/MacOS/firefox-bin" "-marionette" "-foreground" "-no-remote" "-profile" "/var/folders/yl/0jbssmhd06s7mq8sl8r2x44r0000gq/T/rust_mozprofile.WUcpKKavdBvt"
*** You are running in headless mode.
1557828092724	addons.webextension.screenshots@mozilla.org	WARN	Loading extension 'screenshots@mozilla.org': Reading manifest: Invalid host permission: resource://pdf.js/
1557828092724	addons.webextension.screenshots@mozilla.org	WARN	Loading extension 'screenshots@mozilla.org': Reading manifest: Invalid host permission: about:reader*
1557828094884	Marionette	INFO	Listening on port 64813
1557828094975	Marionette	WARN	TLS certificate errors will be ignored for this session
1557828096433	Marionette	INFO	Stopped listening on port 64813
1557828139800	mozrunner::runner	INFO	Running command: "/Applications/Firefox.app/Contents/MacOS/firefox-bin" "-marionette" "-foreground" "-no-remote" "-profile" "/var/folders/yl/0jbssmhd06s7mq8sl8r2x44r0000gq/T/rust_mozprofile.8XurjrDwvFzF"
*** You are running in headless mode.
1557828140345	addons.webextension.screenshots@mozilla.org	WARN	Loading extension 'screenshots@mozilla.org': Reading manifest: Invalid host permission: resource://pdf.js/
1557828140346	addons.webextension.screenshots@mozilla.org	WARN	Loading extension 'screenshots@mozilla.org': Reading manifest: Invalid host permission: about:reader*
1557828142425	Marionette	INFO	Listening on port 64868
1557828142454	Marionette	WARN	TLS certificate errors will be ignored for this session
1557828142521	Marionette	INFO	Stopped listening on port 64868
JavaScript error: resource://gre/modules/Sqlite.jsm, line 841: Error: Connection is not open.
1557828254799	mozrunner::runner	INFO	Running command: "/Applications/Firefox.app/Contents/MacOS/firefox-bin" "-marionette" "-foreground" "-no-remote" "-profile" "/var/folders/yl/0jbssmhd06s7mq8sl8r2x44r0000gq/T/rust_mozprofile.6g2orBFMf2Iv"
*** You are running in headless mode.
1557828255352	addons.webextension.screenshots@mozilla.org	WARN	Loading extension 'screenshots@mozilla.org': Reading manifest: Invalid host permission: resource://pdf.js/
1557828255353	addons.webextension.screenshots@mozilla.org	WARN	Loading extension 'screenshots@mozilla.org': Reading manifest: Invalid host permission: about:reader*
1557828257553	Marionette	INFO	Listening on port 64925
1557828257590	Marionette	WARN	TLS certificate errors will be ignored for this session
1557828257653	Marionette	INFO	Stopped listening on port 64925
JavaScript error: resource://gre/modules/Sqlite.jsm, line 841: Error: Connection is not open.
1557828349008	mozrunner::runner	INFO	Running command: "/Applications/Firefox.app/Contents/MacOS/firefox-bin" "-marionette" "-foreground" "-no-remote" "-profile" "/var/folders/yl/0jbssmhd06s7mq8sl8r2x44r0000gq/T/rust_mozprofile.Ftqq6nmy776o"
*** You are running in headless mode.
1557828349563	addons.webextension.screenshots@mozilla.org	WARN	Loading extension 'screenshots@mozilla.org': Reading manifest: Invalid host permission: resource://pdf.js/
1557828349563	addons.webextension.screenshots@mozilla.org	WARN	Loading extension 'screenshots@mozilla.org': Reading manifest: Invalid host permission: about:reader*
1557828351669	Marionette	INFO	Listening on port 64972
1557828351703	Marionette	WARN	TLS certificate errors will be ignored for this session
1557828351799	Marionette	INFO	Stopped listening on port 64972
1557828696057	mozrunner::runner	INFO	Running command: "/Applications/Firefox.app/Contents/MacOS/firefox-bin" "-marionette" "-foreground" "-no-remote" "-profile" "/var/folders/yl/0jbssmhd06s7mq8sl8r2x44r0000gq/T/rust_mozprofile.salctzjlMoeC"
*** You are running in headless mode.
1557828696590	addons.webextension.screenshots@mozilla.org	WARN	Loading extension 'screenshots@mozilla.org': Reading manifest: Invalid host permission: resource://pdf.js/
1557828696591	addons.webextension.screenshots@mozilla.org	WARN	Loading extension 'screenshots@mozilla.org': Reading manifest: Invalid host permission: about:reader*
1557828698600	Marionette	INFO	Listening on port 65106
1557828698709	Marionette	WARN	TLS certificate errors will be ignored for this session
1557828699861	Marionette	INFO	Stopped listening on port 65106
1557828712958	mozrunner::runner	INFO	Running command: "/Applications/Firefox.app/Contents/MacOS/firefox-bin" "-marionette" "-foreground" "-no-remote" "-profile" "/var/folders/yl/0jbssmhd06s7mq8sl8r2x44r0000gq/T/rust_mozprofile.CoukFZcES7jl"
1557828713550	addons.webextension.screenshots@mozilla.org	WARN	Loading extension 'screenshots@mozilla.org': Reading manifest: Invalid host permission: resource://pdf.js/
1557828713550	addons.webextension.screenshots@mozilla.org	WARN	Loading extension 'screenshots@mozilla.org': Reading manifest: Invalid host permission: about:reader*
Can't find symbol 'GetGraphicsResetStatus'.
Can't find symbol 'GetGraphicsResetStatus'.
1557828715725	Marionette	INFO	Listening on port 65159
1557828715852	Marionette	WARN	TLS certificate errors will be ignored for this session
1557828717037	Marionette	INFO	Stopped listening on port 65159

###!!! [Child][RunMessage] Error: Channel closing: too late to send/recv, messages will be lost


###!!! [Child][RunMessage] Error: Channel closing: too late to send/recv, messages will be lost

1557828759260	mozrunner::runner	INFO	Running command: "/Applications/Firefox.app/Contents/MacOS/firefox-bin" "-marionette" "-foreground" "-no-remote" "-profile" "/var/folders/yl/0jbssmhd06s7mq8sl8r2x44r0000gq/T/rust_mozprofile.cxIUxtta3qhc"
1557828759847	addons.webextension.screenshots@mozilla.org	WARN	Loading extension 'screenshots@mozilla.org': Reading manifest: Invalid host permission: resource://pdf.js/
1557828759848	addons.webextension.screenshots@mozilla.org	WARN	Loading extension 'screenshots@mozilla.org': Reading manifest: Invalid host permission: about:reader*
Can't find symbol 'GetGraphicsResetStatus'.
Can't find symbol 'GetGraphicsResetStatus'.
1557828762119	Marionette	INFO	Listening on port 65217
1557828762140	Marionette	WARN	TLS certificate errors will be ignored for this session
1557828762488	Marionette	INFO	Stopped listening on port 65217
JavaScript error: resource://gre/modules/Sqlite.jsm, line 841: Error: Connection is not open.
1557828777480	mozrunner::runner	INFO	Running command: "/Applications/Firefox.app/Contents/MacOS/firefox-bin" "-marionette" "-foreground" "-no-remote" "-profile" "/var/folders/yl/0jbssmhd06s7mq8sl8r2x44r0000gq/T/rust_mozprofile.TQFa1j1oMXW2"
1557828778057	addons.webextension.screenshots@mozilla.org	WARN	Loading extension 'screenshots@mozilla.org': Reading manifest: Invalid host permission: resource://pdf.js/
1557828778057	addons.webextension.screenshots@mozilla.org	WARN	Loading extension 'screenshots@mozilla.org': Reading manifest: Invalid host permission: about:reader*
Can't find symbol 'GetGraphicsResetStatus'.
Can't find symbol 'GetGraphicsResetStatus'.
1557828780232	Marionette	INFO	Listening on port 65263
1557828780272	Marionette	WARN	TLS certificate errors will be ignored for this session
1557828780610	Marionette	INFO	Stopped listening on port 65263
1557828810028	mozrunner::runner	INFO	Running command: "/Applications/Firefox.app/Contents/MacOS/firefox-bin" "-marionette" "-foreground" "-no-remote" "-profile" "/var/folders/yl/0jbssmhd06s7mq8sl8r2x44r0000gq/T/rust_mozprofile.KHKRtup1r2yI"
1557828810621	addons.webextension.screenshots@mozilla.org	WARN	Loading extension 'screenshots@mozilla.org': Reading manifest: Invalid host permission: resource://pdf.js/
1557828810622	addons.webextension.screenshots@mozilla.org	WARN	Loading extension 'screenshots@mozilla.org': Reading manifest: Invalid host permission: about:reader*
Can't find symbol 'GetGraphicsResetStatus'.
Can't find symbol 'GetGraphicsResetStatus'.
1557828812831	Marionette	INFO	Listening on port 65311
1557828812943	Marionette	WARN	TLS certificate errors will be ignored for this session
1557828815211	Marionette	INFO	Stopped listening on port 65311
1557828888017	mozrunner::runner	INFO	Running command: "/Applications/Firefox.app/Contents/MacOS/firefox-bin" "-marionette" "-foreground" "-no-remote" "-profile" "/var/folders/yl/0jbssmhd06s7mq8sl8r2x44r0000gq/T/rust_mozprofile.ZAJ760zT1SCi"
1557828888590	addons.webextension.screenshots@mozilla.org	WARN	Loading extension 'screenshots@mozilla.org': Reading manifest: Invalid host permission: resource://pdf.js/
1557828888590	addons.webextension.screenshots@mozilla.org	WARN	Loading extension 'screenshots@mozilla.org': Reading manifest: Invalid host permission: about:reader*
Can't find symbol 'GetGraphicsResetStatus'.
Can't find symbol 'GetGraphicsResetStatus'.
1557828890829	Marionette	INFO	Listening on port 65372
1557828890956	Marionette	WARN	TLS certificate errors will be ignored for this session
1557828945966	mozrunner::runner	INFO	Running command: "/Applications/Firefox.app/Contents/MacOS/firefox-bin" "-marionette" "-foreground" "-no-remote" "-profile" "/var/folders/yl/0jbssmhd06s7mq8sl8r2x44r0000gq/T/rust_mozprofile.4DxMYbp2bXJL"
1557828946567	addons.webextension.screenshots@mozilla.org	WARN	Loading extension 'screenshots@mozilla.org': Reading manifest: Invalid host permission: resource://pdf.js/
1557828946567	addons.webextension.screenshots@mozilla.org	WARN	Loading extension 'screenshots@mozilla.org': Reading manifest: Invalid host permission: about:reader*
Can't find symbol 'GetGraphicsResetStatus'.
Can't find symbol 'GetGraphicsResetStatus'.
1557828948785	Marionette	INFO	Listening on port 65421
1557828948839	Marionette	WARN	TLS certificate errors will be ignored for this session
1557829144652	mozrunner::runner	INFO	Running command: "/Applications/Firefox.app/Contents/MacOS/firefox-bin" "-marionette" "-foreground" "-no-remote" "-profile" "/var/folders/yl/0jbssmhd06s7mq8sl8r2x44r0000gq/T/rust_mozprofile.JehEAXupsZ6G"
1557829145253	addons.webextension.screenshots@mozilla.org	WARN	Loading extension 'screenshots@mozilla.org': Reading manifest: Invalid host permission: resource://pdf.js/
1557829145258	addons.webextension.screenshots@mozilla.org	WARN	Loading extension 'screenshots@mozilla.org': Reading manifest: Invalid host permission: about:reader*
Can't find symbol 'GetGraphicsResetStatus'.
Can't find symbol 'GetGraphicsResetStatus'.
1557829147582	Marionette	INFO	Listening on port 65481
1557829147720	Marionette	WARN	TLS certificate errors will be ignored for this session
1557829181576	mozrunner::runner	INFO	Running command: "/Applications/Firefox.app/Contents/MacOS/firefox-bin" "-marionette" "-foreground" "-no-remote" "-profile" "/var/folders/yl/0jbssmhd06s7mq8sl8r2x44r0000gq/T/rust_mozprofile.jla5gStqKkUH"
1557829182278	addons.webextension.screenshots@mozilla.org	WARN	Loading extension 'screenshots@mozilla.org': Reading manifest: Invalid host permission: resource://pdf.js/
1557829182280	addons.webextension.screenshots@mozilla.org	WARN	Loading extension 'screenshots@mozilla.org': Reading manifest: Invalid host permission: about:reader*
Can't find symbol 'GetGraphicsResetStatus'.
Can't find symbol 'GetGraphicsResetStatus'.
1557829184700	Marionette	INFO	Listening on port 65534
1557829184770	Marionette	WARN	TLS certificate errors will be ignored for this session
1557829185387	Marionette	INFO	Stopped listening on port 65534
1557829243289	mozrunner::runner	INFO	Running command: "/Applications/Firefox.app/Contents/MacOS/firefox-bin" "-marionette" "-foreground" "-no-remote" "-profile" "/var/folders/yl/0jbssmhd06s7mq8sl8r2x44r0000gq/T/rust_mozprofile.sDrGlS5WV4tK"
1557829243880	addons.webextension.screenshots@mozilla.org	WARN	Loading extension 'screenshots@mozilla.org': Reading manifest: Invalid host permission: resource://pdf.js/
1557829243880	addons.webextension.screenshots@mozilla.org	WARN	Loading extension 'screenshots@mozilla.org': Reading manifest: Invalid host permission: about:reader*
Can't find symbol 'GetGraphicsResetStatus'.
Can't find symbol 'GetGraphicsResetStatus'.
1557829246104	Marionette	INFO	Listening on port 49201
1557829246216	Marionette	WARN	TLS certificate errors will be ignored for this session
1557829246532	Marionette	INFO	Stopped listening on port 49201
1557829392699	mozrunner::runner	INFO	Running command: "/Applications/Firefox.app/Contents/MacOS/firefox-bin" "-marionette" "-foreground" "-no-remote" "-profile" "/var/folders/yl/0jbssmhd06s7mq8sl8r2x44r0000gq/T/rust_mozprofile.cVMC4INEDoxb"
1557829393500	addons.webextension.screenshots@mozilla.org	WARN	Loading extension 'screenshots@mozilla.org': Reading manifest: Invalid host permission: resource://pdf.js/
1557829393501	addons.webextension.screenshots@mozilla.org	WARN	Loading extension 'screenshots@mozilla.org': Reading manifest: Invalid host permission: about:reader*
Can't find symbol 'GetGraphicsResetStatus'.
Can't find symbol 'GetGraphicsResetStatus'.
1557829395882	Marionette	INFO	Listening on port 49255
1557829396003	Marionette	WARN	TLS certificate errors will be ignored for this session
1557829396341	Marionette	INFO	Stopped listening on port 49255
1557829499068	mozrunner::runner	INFO	Running command: "/Applications/Firefox.app/Contents/MacOS/firefox-bin" "-marionette" "-foreground" "-no-remote" "-profile" "/var/folders/yl/0jbssmhd06s7mq8sl8r2x44r0000gq/T/rust_mozprofile.hycjXfUHJITK"
1557829499657	addons.webextension.screenshots@mozilla.org	WARN	Loading extension 'screenshots@mozilla.org': Reading manifest: Invalid host permission: resource://pdf.js/
1557829499657	addons.webextension.screenshots@mozilla.org	WARN	Loading extension 'screenshots@mozilla.org': Reading manifest: Invalid host permission: about:reader*
Can't find symbol 'GetGraphicsResetStatus'.
Can't find symbol 'GetGraphicsResetStatus'.
1557829502045	Marionette	INFO	Listening on port 49309
1557829502180	Marionette	WARN	TLS certificate errors will be ignored for this session
1557829563370	mozrunner::runner	INFO	Running command: "/Applications/Firefox.app/Contents/MacOS/firefox-bin" "-marionette" "-foreground" "-no-remote" "-profile" "/var/folders/yl/0jbssmhd06s7mq8sl8r2x44r0000gq/T/rust_mozprofile.rsDqxyDPNZFm"
1557829564097	addons.webextension.screenshots@mozilla.org	WARN	Loading extension 'screenshots@mozilla.org': Reading manifest: Invalid host permission: resource://pdf.js/
1557829564098	addons.webextension.screenshots@mozilla.org	WARN	Loading extension 'screenshots@mozilla.org': Reading manifest: Invalid host permission: about:reader*
Can't find symbol 'GetGraphicsResetStatus'.
Can't find symbol 'GetGraphicsResetStatus'.
1557829566483	Marionette	INFO	Listening on port 49361
1557829566562	Marionette	WARN	TLS certificate errors will be ignored for this session
1557829616597	mozrunner::runner	INFO	Running command: "/Applications/Firefox.app/Contents/MacOS/firefox-bin" "-marionette" "-foreground" "-no-remote" "-profile" "/var/folders/yl/0jbssmhd06s7mq8sl8r2x44r0000gq/T/rust_mozprofile.DKmhFPfG8SrT"
1557829617645	addons.webextension.screenshots@mozilla.org	WARN	Loading extension 'screenshots@mozilla.org': Reading manifest: Invalid host permission: resource://pdf.js/
1557829617646	addons.webextension.screenshots@mozilla.org	WARN	Loading extension 'screenshots@mozilla.org': Reading manifest: Invalid host permission: about:reader*
Can't find symbol 'GetGraphicsResetStatus'.
Can't find symbol 'GetGraphicsResetStatus'.
1557829620090	Marionette	INFO	Listening on port 49416
1557829620228	Marionette	WARN	TLS certificate errors will be ignored for this session
1557829620521	Marionette	INFO	Stopped listening on port 49416
1557829626382	Marionette	INFO	Stopped listening on port 49361
1557829628967	Marionette	INFO	Stopped listening on port 49309
1557829631403	Marionette	INFO	Stopped listening on port 65481
1557829633863	Marionette	INFO	Stopped listening on port 65421
1557829636220	Marionette	INFO	Stopped listening on port 65372
